#
# A fatal error has been detected by the Java Runtime Environment:
#
#  SIGSEGV (0xb) at pc=0x00007fdefe540818, pid=4297, tid=0x00007fded3365700
#
# JRE version: OpenJDK Runtime Environment (8.0_152-b01) (build 1.8.0_152-release-1024-b01)
# Java VM: OpenJDK 64-Bit Server VM (25.152-b01 mixed mode linux-amd64 compressed oops)
# Problematic frame:
# V  [libjvm.so+0x9a4818]  Type::uhash(Type const*)+0x8
#
# Failed to write core dump. Core dumps have been disabled. To enable core dumping, try "ulimit -c unlimited" before starting Java again
#
# If you would like to submit a bug report, please visit:
#   http://bugreport.java.com/bugreport/crash.jsp
#

---------------  T H R E A D  ---------------

Current thread (0x00007fdef80bc800):  JavaThread "C2 CompilerThread1" daemon [_thread_in_native, id=4310, stack(0x00007fded3265000,0x00007fded3366000)]

siginfo: si_signo: 11 (SIGSEGV), si_code: 1 (SEGV_MAPERR), si_addr: 0x0000000000000050

Registers:
RAX=0x0000000000000000, RBX=0x00007fdeb822cf50, RCX=0x0000000000000200, RDX=0x0000000000000000
RSP=0x00007fded3362598, RBP=0x00007fded3362600, RSI=0x0000000000000008, RDI=0x00007fdec000bea0
R8 =0x0000000000000008, R9 =0x0000000000000002, R10=0x00007fdec000bea0, R11=0x0000000000000000
R12=0x0000000000000004, R13=0x00007fdeb822df50, R14=0x0000000000000001, R15=0x00007fdec004e9a0
RIP=0x00007fdefe540818, EFLAGS=0x0000000000010202, CSGSFS=0x002b000000000033, ERR=0x0000000000000004
  TRAPNO=0x000000000000000e

Top of Stack: (sp=0x00007fded3362598)
0x00007fded3362598:   00007fdefe0b11e2 00007fded3362610
0x00007fded33625a8:   00000100d3362690 0000000000000003
0x00007fded33625b8:   0000000800000003 0000000000000008
0x00007fded33625c8:   00007fdec000bea0 00007fded3362600
0x00007fded33625d8:   0000000000000004 00007fdec004e9a0
0x00007fded33625e8:   0000000000000003 0000000000000020
0x00007fded33625f8:   00007fdeb8228a60 00007fded3362660
0x00007fded3362608:   00007fdefe0b1898 00007fde00000000
0x00007fded3362618:   0000000080006449 00007fdeb822ced0
0x00007fded3362628:   00007fdeb822ced0 0000000000000035
0x00007fded3362638:   00007fdeb822ced0 00007fdec004e9a0
0x00007fded3362648:   00007fdefea4c890 0000000000000000
0x00007fded3362658:   000000007fffffff 00007fded3362690
0x00007fded3362668:   00007fdefe5426d5 0000000000000005
0x00007fded3362678:   0000000000000000 0000000000000005
0x00007fded3362688:   00007fdeb822c570 00007fded3362730
0x00007fded3362698:   00007fdefe54ad70 0000000000000000
0x00007fded33626a8:   00007fde7fffffff 00007fded3362780
0x00007fded33626b8:   00007fdeb83776b0 00000000000000b7
0x00007fded33626c8:   00007fdea884fc28 00007fded3362760
0x00007fded33626d8:   00007fdefdfa8315 00007fded3362710
0x00007fded33626e8:   00007fde00000000 0000000000000000
0x00007fded33626f8:   00007fde00000001 000000000000000c
0x00007fded3362708:   00007fded3362830 00007fded3362830
0x00007fded3362718:   00007fdeb822c570 000000000000000c
0x00007fded3362728:   00007fdec000a118 00007fded3362750
0x00007fded3362738:   00007fdefe540fd0 00007fded3362830
0x00007fded3362748:   00007fded3362830 00007fded33627f0
0x00007fded3362758:   00007fdefe1539c4 00007fded33627f0
0x00007fded3362768:   00007fdefdf926db 00007fdeb565f4a0
0x00007fded3362778:   00007fdeb565f3d0 00007fdeb8df2db0
0x00007fded3362788:   0000000000000000 00007fdeb565ece8 

Instructions: (pc=0x00007fdefe540818)
0x00007fdefe5407f8:   68 0d 00 31 c0 e8 2e 92 eb ff e9 72 ff ff ff 66
0x00007fdefe540808:   0f 1f 84 00 00 00 00 00 55 48 8b 07 48 89 e5 5d
0x00007fdefe540818:   48 8b 40 50 ff e0 66 90 55 b8 01 00 00 00 48 89
0x00007fdefe540828:   e5 5d c3 90 0f 1f 40 00 55 8b 47 10 48 89 e5 5d 

Register to memory mapping:

RAX=0x0000000000000000 is an unknown value
RBX=0x00007fdeb822cf50 is an unknown value
RCX=0x0000000000000200 is an unknown value
RDX=0x0000000000000000 is an unknown value
RSP=0x00007fded3362598 is pointing into the stack for thread: 0x00007fdef80bc800
RBP=0x00007fded3362600 is pointing into the stack for thread: 0x00007fdef80bc800
RSI=0x0000000000000008 is an unknown value
RDI=0x00007fdec000bea0 is an unknown value
R8 =0x0000000000000008 is an unknown value
R9 =0x0000000000000002 is an unknown value
R10=0x00007fdec000bea0 is an unknown value
R11=0x0000000000000000 is an unknown value
R12=0x0000000000000004 is an unknown value
R13=0x00007fdeb822df50 is an unknown value
R14=0x0000000000000001 is an unknown value
R15=0x00007fdec004e9a0 is an unknown value


Stack: [0x00007fded3265000,0x00007fded3366000],  sp=0x00007fded3362598,  free space=1013k
Native frames: (J=compiled Java code, j=interpreted, Vv=VM code, C=native code)
V  [libjvm.so+0x9a4818]  Type::uhash(Type const*)+0x8
V  [libjvm.so+0x515898]  Dict::Insert(void*, void*, bool)+0x138
V  [libjvm.so+0x9a66d5]  Type::hashcons()+0x45
V  [libjvm.so+0x9aed70]  TypeInstPtr::xmeet_helper(Type const*) const+0x530
V  [libjvm.so+0x9a4fd0]  TypeOopPtr::xmeet(Type const*) const+0x10
V  [libjvm.so+0x5b79c4]  GraphKit::null_check_common(Node*, BasicType, bool, Node**) [clone .part.289]+0x6d4
V  [libjvm.so+0x87ae32]  Parse::create_entry_map()+0x5c2
V  [libjvm.so+0x87ff78]  Parse::Parse(JVMState*, ciMethod*, float)+0x428
V  [libjvm.so+0x3c6e88]  ParseGenerator::generate(JVMState*)+0x78
V  [libjvm.so+0x524c09]  Parse::do_call()+0x2d9
V  [libjvm.so+0x88c266]  Parse::do_one_bytecode()+0x40e6
V  [libjvm.so+0x87de54]  Parse::do_one_block()+0x174
V  [libjvm.so+0x87e2c4]  Parse::do_all_blocks()+0x104
V  [libjvm.so+0x880392]  Parse::Parse(JVMState*, ciMethod*, float)+0x842
V  [libjvm.so+0x3c6e88]  ParseGenerator::generate(JVMState*)+0x78
V  [libjvm.so+0x524c09]  Parse::do_call()+0x2d9
V  [libjvm.so+0x88c266]  Parse::do_one_bytecode()+0x40e6
V  [libjvm.so+0x87de54]  Parse::do_one_block()+0x174
V  [libjvm.so+0x87e2c4]  Parse::do_all_blocks()+0x104
V  [libjvm.so+0x880392]  Parse::Parse(JVMState*, ciMethod*, float)+0x842
V  [libjvm.so+0x3c6e88]  ParseGenerator::generate(JVMState*)+0x78
V  [libjvm.so+0x469e1a]  Compile::Compile(ciEnv*, C2Compiler*, ciMethod*, int, bool, bool, bool)+0xf9a
V  [libjvm.so+0x3c6458]  C2Compiler::compile_method(ciEnv*, ciMethod*, int)+0x1c8
V  [libjvm.so+0x472652]  CompileBroker::invoke_compiler_on_method(CompileTask*)+0x8c2
V  [libjvm.so+0x4734d8]  CompileBroker::compiler_thread_loop()+0x4e8
V  [libjvm.so+0x998d78]  JavaThread::thread_main_inner()+0xd8
V  [libjvm.so+0x850032]  java_start(Thread*)+0xf2
C  [libpthread.so.0+0x77fc]  start_thread+0xdc


Current CompileTask:
C2: 757456 15516       4       org.jetbrains.org.objectweb.asm.tree.analysis.Analyzer::merge (129 bytes)


---------------  P R O C E S S  ---------------

Java Threads: ( => current thread )
  0x00007fde68002000 JavaThread "RMI RenewClean-[localhost:38547,org.jetbrains.kotlin.daemon.common.LoopbackNetworkInterface$ClientLoopbackSocketFactory@36be66fc]" daemon [_thread_blocked, id=6529, stack(0x00007fdea82fe000,0x00007fdea83ff000)]
  0x00007fdea4005800 JavaThread "RMI TCP Connection(15)-127.0.0.1" daemon [_thread_in_Java, id=6528, stack(0x00007fde82f76000,0x00007fde83077000)]
  0x00007fde8c030000 JavaThread "RMI RenewClean-[localhost:38547,org.jetbrains.kotlin.daemon.common.LoopbackNetworkInterface$ClientLoopbackSocketFactory@2b0317e4]" daemon [_thread_blocked, id=6523, stack(0x00007fded1cf3000,0x00007fded1df4000)]
  0x00007fdea4003000 JavaThread "RMI TCP Connection(14)-127.0.0.1" daemon [_thread_in_native, id=6522, stack(0x00007fded20f5000,0x00007fded21f6000)]
  0x00007fdea4001800 JavaThread "RMI TCP Connection(13)-127.0.0.1" daemon [_thread_in_native, id=6520, stack(0x00007fde83eff000,0x00007fde84000000)]
  0x00007fde8c00f000 JavaThread "RMI RenewClean-[localhost:38547,org.jetbrains.kotlin.daemon.common.LoopbackNetworkInterface$ClientLoopbackSocketFactory@3320324f]" daemon [_thread_blocked, id=5330, stack(0x00007fded1bf2000,0x00007fded1cf3000)]
  0x00007fdea002a800 JavaThread "RMI RenewClean-[localhost:38547,org.jetbrains.kotlin.daemon.common.LoopbackNetworkInterface$ClientLoopbackSocketFactory@6ffcb99e]" daemon [_thread_blocked, id=4347, stack(0x00007fded0cf1000,0x00007fded0df2000)]
  0x00007fde8c00d800 JavaThread "RMI Scheduler(0)" daemon [_thread_blocked, id=4320, stack(0x00007fded1df4000,0x00007fded1ef5000)]
  0x00007fdef800c000 JavaThread "DestroyJavaVM" [_thread_blocked, id=4299, stack(0x00007fdeff5c6000,0x00007fdeff6c7000)]
  0x00007fdef83f6800 JavaThread "GC Daemon" daemon [_thread_blocked, id=4318, stack(0x00007fded21f6000,0x00007fded22f7000)]
  0x00007fdef83f4800 JavaThread "RMI Reaper" [_thread_blocked, id=4317, stack(0x00007fded22f7000,0x00007fded23f8000)]
  0x00007fdef83e1000 JavaThread "Timer-0" daemon [_thread_blocked, id=4315, stack(0x00007fded24f9000,0x00007fded25fa000)]
  0x00007fdef83dd800 JavaThread "RMI TCP Accept-17999" daemon [_thread_in_native, id=4314, stack(0x00007fded25fa000,0x00007fded26fb000)]
  0x00007fdef80c9800 JavaThread "Service Thread" daemon [_thread_blocked, id=4312, stack(0x00007fded3063000,0x00007fded3164000)]
  0x00007fdef80be800 JavaThread "C1 CompilerThread2" daemon [_thread_in_native, id=4311, stack(0x00007fded3164000,0x00007fded3265000)]
=>0x00007fdef80bc800 JavaThread "C2 CompilerThread1" daemon [_thread_in_native, id=4310, stack(0x00007fded3265000,0x00007fded3366000)]
  0x00007fdef80ba000 JavaThread "C2 CompilerThread0" daemon [_thread_in_native, id=4309, stack(0x00007fded3366000,0x00007fded3467000)]
  0x00007fdef80b5800 JavaThread "Signal Dispatcher" daemon [_thread_blocked, id=4308, stack(0x00007fded3467000,0x00007fded3568000)]
  0x00007fdef8086000 JavaThread "Finalizer" daemon [_thread_blocked, id=4307, stack(0x00007fded39fa000,0x00007fded3afb000)]
  0x00007fdef8081800 JavaThread "Reference Handler" daemon [_thread_blocked, id=4306, stack(0x00007fded3afb000,0x00007fded3bfc000)]

Other Threads:
  0x00007fdef8079800 VMThread [stack: 0x00007fded3bfc000,0x00007fded3cfd000] [id=4305]
  0x00007fdef80cc000 WatcherThread [stack: 0x00007fded2f62000,0x00007fded3063000] [id=4313]

VM state:not at safepoint (normal execution)

VM Mutex/Monitor currently owned by a thread:  ([mutex/lock_event])
[0x00007fdef8007b10] CodeCache_lock - owner thread: 0x00007fdef80be800
[0x00007fdef8009190] Compile_lock - owner thread: 0x00007fdef80be800
[0x00007fdef8009290] MethodCompileQueue_lock - owner thread: 0x00007fdef80be800

Heap:
 PSYoungGen      total 377856K, used 121432K [0x00000000e0000000, 0x00000000fcc80000, 0x0000000100000000)
  eden space 322560K, 20% used [0x00000000e0000000,0x00000000e40c78a0,0x00000000f3b00000)
  from space 55296K, 99% used [0x00000000f7900000,0x00000000faece928,0x00000000faf00000)
  to   space 63488K, 0% used [0x00000000f3b00000,0x00000000f3b00000,0x00000000f7900000)
 ParOldGen       total 402944K, used 159898K [0x00000000a0000000, 0x00000000b8980000, 0x00000000e0000000)
  object space 402944K, 39% used [0x00000000a0000000,0x00000000a9c268a0,0x00000000b8980000)
 Metaspace       used 73597K, capacity 75849K, committed 76072K, reserved 1116160K
  class space    used 8430K, capacity 8987K, committed 9000K, reserved 1048576K

Card table byte_map: [0x00007fdefc0df000,0x00007fdefc3e0000] byte_map_base: 0x00007fdefbbdf000

Marking Bits: (ParMarkBitMap*) 0x00007fdefea76440
 Begin Bits: [0x00007fdee1000000, 0x00007fdee2800000)
 End Bits:   [0x00007fdee2800000, 0x00007fdee4000000)

Polling page: 0x00007fdeff6e3000

CodeCache: size=245760Kb used=43545Kb max_used=43550Kb free=202214Kb
 bounds [0x00007fdee9000000, 0x00007fdeebac0000, 0x00007fdef8000000]
 total_blobs=13336 nmethods=12757 adapters=491
 compilation: enabled

Compilation events (10 events):
Event: 757.448 Thread 0x00007fdef80bc800 nmethod 15507 0x00007fdeeba8f8d0 code [0x00007fdeeba8fa60, 0x00007fdeeba8fed8]
Event: 757.448 Thread 0x00007fdef80bc800 15521       4       org.jetbrains.kotlin.com.intellij.psi.impl.source.tree.TreeElement::getStartOffsetInParent (102 bytes)
Event: 757.448 Thread 0x00007fdef80be800 15525       2       org.jetbrains.kotlin.codegen.context.CodegenContext::getEnclosingClassContext (33 bytes)
Event: 757.449 Thread 0x00007fdef80be800 nmethod 15525 0x00007fdeeba8f390 code [0x00007fdeeba8f520, 0x00007fdeeba8f798]
Event: 757.449 Thread 0x00007fdef80be800 15526       2       org.jetbrains.kotlin.codegen.state.KotlinTypeMapper::findSuperDeclaration (168 bytes)
Event: 757.450 Thread 0x00007fdef80be800 nmethod 15526 0x00007fdeebab9c10 code [0x00007fdeebab9ee0, 0x00007fdeebabaa38]
Event: 757.450 Thread 0x00007fdef80be800 15527       2       org.jetbrains.kotlin.codegen.CallReceiver::generateCallReceiver (191 bytes)
Event: 757.451 Thread 0x00007fdef80bc800 nmethod 15521 0x00007fdeebab9750 code [0x00007fdeebab98c0, 0x00007fdeebab9a58]
Event: 757.451 Thread 0x00007fdef80bc800 15516       4       org.jetbrains.org.objectweb.asm.tree.analysis.Analyzer::merge (129 bytes)
Event: 757.451 Thread 0x00007fdef80be800 nmethod 15527 0x00007fdeeba90d10 code [0x00007fdeeba90ee0, 0x00007fdeeba91428]

GC Heap History (10 events):
Event: 537.431 GC heap before
{Heap before GC invocations=16 (full 3):
 PSYoungGen      total 254976K, used 241713K [0x00000000e0000000, 0x00000000f2700000, 0x0000000100000000)
  eden space 215040K, 100% used [0x00000000e0000000,0x00000000ed200000,0x00000000ed200000)
  from space 39936K, 66% used [0x00000000f0000000,0x00000000f1a0c5e8,0x00000000f2700000)
  to   space 43520K, 0% used [0x00000000ed200000,0x00000000ed200000,0x00000000efc80000)
 ParOldGen       total 217088K, used 103191K [0x00000000a0000000, 0x00000000ad400000, 0x00000000e0000000)
  object space 217088K, 47% used [0x00000000a0000000,0x00000000a64c5ff0,0x00000000ad400000)
 Metaspace       used 69384K, capacity 70977K, committed 71336K, reserved 1112064K
  class space    used 8122K, capacity 8506K, committed 8616K, reserved 1048576K
Event: 537.457 GC heap after
Heap after GC invocations=16 (full 3):
 PSYoungGen      total 258560K, used 20405K [0x00000000e0000000, 0x00000000f6280000, 0x0000000100000000)
  eden space 215040K, 0% used [0x00000000e0000000,0x00000000e0000000,0x00000000ed200000)
  from space 43520K, 46% used [0x00000000ed200000,0x00000000ee5ed790,0x00000000efc80000)
  to   space 41984K, 0% used [0x00000000f3980000,0x00000000f3980000,0x00000000f6280000)
 ParOldGen       total 217088K, used 121936K [0x00000000a0000000, 0x00000000ad400000, 0x00000000e0000000)
  object space 217088K, 56% used [0x00000000a0000000,0x00000000a77140d0,0x00000000ad400000)
 Metaspace       used 69384K, capacity 70977K, committed 71336K, reserved 1112064K
  class space    used 8122K, capacity 8506K, committed 8616K, reserved 1048576K
}
Event: 539.842 GC heap before
{Heap before GC invocations=17 (full 3):
 PSYoungGen      total 258560K, used 235445K [0x00000000e0000000, 0x00000000f6280000, 0x0000000100000000)
  eden space 215040K, 100% used [0x00000000e0000000,0x00000000ed200000,0x00000000ed200000)
  from space 43520K, 46% used [0x00000000ed200000,0x00000000ee5ed790,0x00000000efc80000)
  to   space 41984K, 0% used [0x00000000f3980000,0x00000000f3980000,0x00000000f6280000)
 ParOldGen       total 217088K, used 121936K [0x00000000a0000000, 0x00000000ad400000, 0x00000000e0000000)
  object space 217088K, 56% used [0x00000000a0000000,0x00000000a77140d0,0x00000000ad400000)
 Metaspace       used 69771K, capacity 71399K, committed 71592K, reserved 1112064K
  class space    used 8154K, capacity 8544K, committed 8616K, reserved 1048576K
Event: 539.885 GC heap after
Heap after GC invocations=17 (full 3):
 PSYoungGen      total 307200K, used 41956K [0x00000000e0000000, 0x00000000f7c00000, 0x0000000100000000)
  eden space 265216K, 0% used [0x00000000e0000000,0x00000000e0000000,0x00000000f0300000)
  from space 41984K, 99% used [0x00000000f3980000,0x00000000f6279060,0x00000000f6280000)
  to   space 55808K, 0% used [0x00000000f0300000,0x00000000f0300000,0x00000000f3980000)
 ParOldGen       total 217088K, used 144765K [0x00000000a0000000, 0x00000000ad400000, 0x00000000e0000000)
  object space 217088K, 66% used [0x00000000a0000000,0x00000000a8d5f570,0x00000000ad400000)
 Metaspace       used 69771K, capacity 71399K, committed 71592K, reserved 1112064K
  class space    used 8154K, capacity 8544K, committed 8616K, reserved 1048576K
}
Event: 752.953 GC heap before
{Heap before GC invocations=18 (full 3):
 PSYoungGen      total 307200K, used 307172K [0x00000000e0000000, 0x00000000f7c00000, 0x0000000100000000)
  eden space 265216K, 100% used [0x00000000e0000000,0x00000000f0300000,0x00000000f0300000)
  from space 41984K, 99% used [0x00000000f3980000,0x00000000f6279060,0x00000000f6280000)
  to   space 55808K, 0% used [0x00000000f0300000,0x00000000f0300000,0x00000000f3980000)
 ParOldGen       total 217088K, used 144765K [0x00000000a0000000, 0x00000000ad400000, 0x00000000e0000000)
  object space 217088K, 66% used [0x00000000a0000000,0x00000000a8d5f570,0x00000000ad400000)
 Metaspace       used 71101K, capacity 72823K, committed 73000K, reserved 1114112K
  class space    used 8206K, capacity 8622K, committed 8744K, reserved 1048576K
Event: 753.049 GC heap after
Heap after GC invocations=18 (full 3):
 PSYoungGen      total 321024K, used 11369K [0x00000000e0000000, 0x00000000faf00000, 0x0000000100000000)
  eden space 265216K, 0% used [0x00000000e0000000,0x00000000e0000000,0x00000000f0300000)
  from space 55808K, 20% used [0x00000000f0300000,0x00000000f0e1a500,0x00000000f3980000)
  to   space 55296K, 0% used [0x00000000f7900000,0x00000000f7900000,0x00000000faf00000)
 ParOldGen       total 217088K, used 186535K [0x00000000a0000000, 0x00000000ad400000, 0x00000000e0000000)
  object space 217088K, 85% used [0x00000000a0000000,0x00000000ab629f50,0x00000000ad400000)
 Metaspace       used 71101K, capacity 72823K, committed 73000K, reserved 1114112K
  class space    used 8206K, capacity 8622K, committed 8744K, reserved 1048576K
}
Event: 753.049 GC heap before
{Heap before GC invocations=19 (full 4):
 PSYoungGen      total 321024K, used 11369K [0x00000000e0000000, 0x00000000faf00000, 0x0000000100000000)
  eden space 265216K, 0% used [0x00000000e0000000,0x00000000e0000000,0x00000000f0300000)
  from space 55808K, 20% used [0x00000000f0300000,0x00000000f0e1a500,0x00000000f3980000)
  to   space 55296K, 0% used [0x00000000f7900000,0x00000000f7900000,0x00000000faf00000)
 ParOldGen       total 217088K, used 186535K [0x00000000a0000000, 0x00000000ad400000, 0x00000000e0000000)
  object space 217088K, 85% used [0x00000000a0000000,0x00000000ab629f50,0x00000000ad400000)
 Metaspace       used 71101K, capacity 72823K, committed 73000K, reserved 1114112K
  class space    used 8206K, capacity 8622K, committed 8744K, reserved 1048576K
Event: 754.493 GC heap after
Heap after GC invocations=19 (full 4):
 PSYoungGen      total 321024K, used 0K [0x00000000e0000000, 0x00000000faf00000, 0x0000000100000000)
  eden space 265216K, 0% used [0x00000000e0000000,0x00000000e0000000,0x00000000f0300000)
  from space 55808K, 0% used [0x00000000f0300000,0x00000000f0300000,0x00000000f3980000)
  to   space 55296K, 0% used [0x00000000f7900000,0x00000000f7900000,0x00000000faf00000)
 ParOldGen       total 402944K, used 159890K [0x00000000a0000000, 0x00000000b8980000, 0x00000000e0000000)
  object space 402944K, 39% used [0x00000000a0000000,0x00000000a9c248a0,0x00000000b8980000)
 Metaspace       used 71087K, capacity 72805K, committed 73000K, reserved 1114112K
  class space    used 8204K, capacity 8620K, committed 8744K, reserved 1048576K
}
Event: 756.859 GC heap before
{Heap before GC invocations=20 (full 4):
 PSYoungGen      total 321024K, used 265216K [0x00000000e0000000, 0x00000000faf00000, 0x0000000100000000)
  eden space 265216K, 100% used [0x00000000e0000000,0x00000000f0300000,0x00000000f0300000)
  from space 55808K, 0% used [0x00000000f0300000,0x00000000f0300000,0x00000000f3980000)
  to   space 55296K, 0% used [0x00000000f7900000,0x00000000f7900000,0x00000000faf00000)
 ParOldGen       total 402944K, used 159890K [0x00000000a0000000, 0x00000000b8980000, 0x00000000e0000000)
  object space 402944K, 39% used [0x00000000a0000000,0x00000000a9c248a0,0x00000000b8980000)
 Metaspace       used 73330K, capacity 75609K, committed 75816K, reserved 1116160K
  class space    used 8427K, capacity 8955K, committed 9000K, reserved 1048576K
Event: 756.945 GC heap after
Heap after GC invocations=20 (full 4):
 PSYoungGen      total 377856K, used 55098K [0x00000000e0000000, 0x00000000fcc80000, 0x0000000100000000)
  eden space 322560K, 0% used [0x00000000e0000000,0x00000000e0000000,0x00000000f3b00000)
  from space 55296K, 99% used [0x00000000f7900000,0x00000000faece928,0x00000000faf00000)
  to   space 63488K, 0% used [0x00000000f3b00000,0x00000000f3b00000,0x00000000f7900000)
 ParOldGen       total 402944K, used 159898K [0x00000000a0000000, 0x00000000b8980000, 0x00000000e0000000)
  object space 402944K, 39% used [0x00000000a0000000,0x00000000a9c268a0,0x00000000b8980000)
 Metaspace       used 73330K, capacity 75609K, committed 75816K, reserved 1116160K
  class space    used 8427K, capacity 8955K, committed 9000K, reserved 1048576K
}

Deoptimization events (10 events):
Event: 541.385 Thread 0x00007fdea4006800 Uncommon trap: reason=class_check action=maybe_recompile pc=0x00007fdeeaa1910c method=org.jetbrains.kotlin.load.java.lazy.descriptors.LazyJavaClassMemberScope.getPropertiesFromSupertypes(Lorg/jetbrains/kotlin/name/Name;)Ljava/util/Set; @ 95
Event: 541.385 Thread 0x00007fdea4006800 Uncommon trap: reason=class_check action=maybe_recompile pc=0x00007fdeeaa1910c method=org.jetbrains.kotlin.load.java.lazy.descriptors.LazyJavaClassMemberScope.getPropertiesFromSupertypes(Lorg/jetbrains/kotlin/name/Name;)Ljava/util/Set; @ 95
Event: 541.393 Thread 0x00007fdea4006800 Uncommon trap: reason=bimorphic action=maybe_recompile pc=0x00007fdeea564d58 method=org.jetbrains.org.objectweb.asm.ClassReader.readField(Lorg/jetbrains/org/objectweb/asm/ClassVisitor;Lorg/jetbrains/org/objectweb/asm/Context;I)I @ 650
Event: 541.612 Thread 0x00007fdea4006800 Uncommon trap: reason=class_check action=maybe_recompile pc=0x00007fdeeaa7f5d8 method=org.jetbrains.kotlin.load.kotlin.TypeSignatureMappingKt.mapBuiltInType(Lorg/jetbrains/kotlin/types/KotlinType;Lorg/jetbrains/kotlin/load/kotlin/JvmTypeFactory;Lorg/jetbr
Event: 541.612 Thread 0x00007fdea4006800 Uncommon trap: reason=class_check action=maybe_recompile pc=0x00007fdeeaa7f5d8 method=org.jetbrains.kotlin.load.kotlin.TypeSignatureMappingKt.mapBuiltInType(Lorg/jetbrains/kotlin/types/KotlinType;Lorg/jetbrains/kotlin/load/kotlin/JvmTypeFactory;Lorg/jetbr
Event: 541.655 Thread 0x00007fdea4006800 Uncommon trap: reason=bimorphic action=maybe_recompile pc=0x00007fdeeb1f2f20 method=org.jetbrains.kotlin.com.intellij.util.containers.hash.EqualityPolicy$2.isEqual(Ljava/lang/Object;Ljava/lang/Object;)Z @ 6
Event: 754.495 Thread 0x00007fdef8081800 Uncommon trap: reason=unstable_if action=reinterpret pc=0x00007fdee97c6150 method=java.lang.ref.Reference.tryHandlePending(Z)Z @ 20
Event: 757.259 Thread 0x00007fdea4005800 Uncommon trap: reason=bimorphic action=maybe_recompile pc=0x00007fdeea564d58 method=org.jetbrains.org.objectweb.asm.ClassReader.readField(Lorg/jetbrains/org/objectweb/asm/ClassVisitor;Lorg/jetbrains/org/objectweb/asm/Context;I)I @ 650
Event: 757.410 Thread 0x00007fdea4005800 Uncommon trap: reason=unstable_if action=reinterpret pc=0x00007fdeeb474748 method=java.util.concurrent.ConcurrentHashMap.get(Ljava/lang/Object;)Ljava/lang/Object; @ 152
Event: 757.410 Thread 0x00007fdea4005800 Uncommon trap: reason=unstable_if action=reinterpret pc=0x00007fdeeac54714 method=java.util.concurrent.ConcurrentHashMap.get(Ljava/lang/Object;)Ljava/lang/Object; @ 152

Classes redefined (0 events):
No events

Internal exceptions (10 events):
Event: 535.792 Thread 0x00007fde84011000 Exception <a 'java/lang/InterruptedException'> (0x00000000e23ac408) thrown at [/usr/local/google/home/ralucas/source/AOSP-openjdk-git/jdk8u/hotspot/src/share/vm/runtime/objectMonitor.cpp, line 1684]
Event: 535.894 Thread 0x00007fdea4003000 Exception <a 'sun/nio/fs/UnixException'> (0x00000000e2554020) thrown at [/usr/local/google/home/ralucas/source/AOSP-openjdk-git/jdk8u/hotspot/src/share/vm/prims/jni.cpp, line 709]
Event: 537.117 Thread 0x00007fde8c00f000 Exception <a 'java/lang/InterruptedException'> (0x00000000ea40a248) thrown at [/usr/local/google/home/ralucas/source/AOSP-openjdk-git/jdk8u/hotspot/src/share/vm/runtime/objectMonitor.cpp, line 1684]
Event: 537.495 Thread 0x00007fdea4005800 Implicit null exception at 0x00007fdeea5cb678 to 0x00007fdeea5cb9a9
Event: 540.197 Thread 0x00007fde781d5800 Exception <a 'java/lang/InterruptedException'> (0x00000000e0eb9ef8) thrown at [/usr/local/google/home/ralucas/source/AOSP-openjdk-git/jdk8u/hotspot/src/share/vm/runtime/objectMonitor.cpp, line 1684]
Event: 540.210 Thread 0x00007fdea4006800 Exception <a 'sun/nio/fs/UnixException'> (0x00000000e1143290) thrown at [/usr/local/google/home/ralucas/source/AOSP-openjdk-git/jdk8u/hotspot/src/share/vm/prims/jni.cpp, line 709]
Event: 752.919 Thread 0x00007fde8c030000 Exception <a 'java/lang/InterruptedException'> (0x00000000f00f9418) thrown at [/usr/local/google/home/ralucas/source/AOSP-openjdk-git/jdk8u/hotspot/src/share/vm/runtime/objectMonitor.cpp, line 1684]
Event: 752.946 Thread 0x00007fdea4003000 Exception <a 'sun/nio/fs/UnixException'> (0x00000000f02947f8) thrown at [/usr/local/google/home/ralucas/source/AOSP-openjdk-git/jdk8u/hotspot/src/share/vm/prims/jni.cpp, line 709]
Event: 755.632 Thread 0x00007fde68002000 Exception <a 'java/lang/InterruptedException'> (0x00000000e809a478) thrown at [/usr/local/google/home/ralucas/source/AOSP-openjdk-git/jdk8u/hotspot/src/share/vm/runtime/objectMonitor.cpp, line 1684]
Event: 755.661 Thread 0x00007fdea4005800 Exception <a 'sun/nio/fs/UnixException'> (0x00000000e8266628) thrown at [/usr/local/google/home/ralucas/source/AOSP-openjdk-git/jdk8u/hotspot/src/share/vm/prims/jni.cpp, line 709]

Events (10 events):
Event: 757.424 loading class org/jetbrains/kotlin/android/synthetic/codegen/AbstractAndroidOnDestroyClassBuilderInterceptorExtension$AndroidOnDestroyCollectorClassBuilder$newMethod$1
Event: 757.424 loading class org/jetbrains/kotlin/android/synthetic/codegen/AbstractAndroidOnDestroyClassBuilderInterceptorExtension$AndroidOnDestroyCollectorClassBuilder$newMethod$1 done
Event: 757.425 loading class org/jetbrains/org/objectweb/asm/MethodVisitor
Event: 757.425 loading class org/jetbrains/org/objectweb/asm/MethodVisitor done
Event: 757.425 loading class org/jetbrains/kotlin/android/synthetic/res/AndroidSyntheticFunction
Event: 757.425 loading class org/jetbrains/kotlin/android/synthetic/res/AndroidSyntheticFunction done
Event: 757.426 loading class org/jetbrains/kotlin/android/synthetic/res/AndroidSyntheticProperty
Event: 757.426 loading class org/jetbrains/kotlin/android/synthetic/res/AndroidSyntheticProperty done
Event: 757.429 Executing VM operation: ForceSafepoint
Event: 757.430 Executing VM operation: ForceSafepoint done


Dynamic libraries:
00400000-00401000 r-xp 00000000 08:05 2498866                            /home/cyc/usr/opt/android-studio/jre/jre/bin/java
00600000-00601000 r--p 00000000 08:05 2498866                            /home/cyc/usr/opt/android-studio/jre/jre/bin/java
00601000-00602000 rw-p 00001000 08:05 2498866                            /home/cyc/usr/opt/android-studio/jre/jre/bin/java
01261000-01282000 rw-p 00000000 00:00 0                                  [heap]
a0000000-b8980000 rw-p 00000000 00:00 0 
b8980000-e0000000 ---p 00000000 00:00 0 
e0000000-fcc80000 rw-p 00000000 00:00 0 
fcc80000-100000000 ---p 00000000 00:00 0 
100000000-1008ca000 rw-p 00000000 00:00 0 
1008ca000-140000000 ---p 00000000 00:00 0 
7fde68000000-7fde6830d000 rw-p 00000000 00:00 0 
7fde6830d000-7fde6c000000 ---p 00000000 00:00 0 
7fde70000000-7fde70021000 rw-p 00000000 00:00 0 
7fde70021000-7fde74000000 ---p 00000000 00:00 0 
7fde74000000-7fde74021000 rw-p 00000000 00:00 0 
7fde74021000-7fde78000000 ---p 00000000 00:00 0 
7fde78000000-7fde78556000 rw-p 00000000 00:00 0 
7fde78556000-7fde7c000000 ---p 00000000 00:00 0 
7fde7c000000-7fde7c021000 rw-p 00000000 00:00 0 
7fde7c021000-7fde80000000 ---p 00000000 00:00 0 
7fde8215c000-7fde822dc000 rw-p 00000000 00:00 0 
7fde822dc000-7fde8235c000 ---p 00000000 00:00 0 
7fde8235c000-7fde8255c000 rw-p 00000000 00:00 0 
7fde8255c000-7fde82669000 r--s 01b1d000 08:05 3545306                    /home/cyc/Android/Sdk/platforms/android-27/android.jar
7fde82669000-7fde8266c000 ---p 00000000 00:00 0 
7fde8266c000-7fde8296a000 rw-p 00000000 00:00 0 
7fde8296a000-7fde82b6a000 rw-p 00000000 00:00 0 
7fde82b6a000-7fde82d6a000 rw-p 00000000 00:00 0 
7fde82d6a000-7fde82f6a000 rw-p 00000000 00:00 0 
7fde82f76000-7fde82f79000 ---p 00000000 00:00 0 
7fde82f79000-7fde83277000 rw-p 00000000 00:00 0 
7fde83277000-7fde8328d000 r-xp 00000000 08:06 266160                     /lib/x86_64-linux-gnu/libresolv-2.26.so
7fde8328d000-7fde8348d000 ---p 00016000 08:06 266160                     /lib/x86_64-linux-gnu/libresolv-2.26.so
7fde8348d000-7fde8348e000 r--p 00016000 08:06 266160                     /lib/x86_64-linux-gnu/libresolv-2.26.so
7fde8348e000-7fde8348f000 rw-p 00017000 08:06 266160                     /lib/x86_64-linux-gnu/libresolv-2.26.so
7fde8348f000-7fde83491000 rw-p 00000000 00:00 0 
7fde83491000-7fde83496000 r-xp 00000000 08:06 266070                     /lib/x86_64-linux-gnu/libnss_dns-2.26.so
7fde83496000-7fde83696000 ---p 00005000 08:06 266070                     /lib/x86_64-linux-gnu/libnss_dns-2.26.so
7fde83696000-7fde83697000 r--p 00005000 08:06 266070                     /lib/x86_64-linux-gnu/libnss_dns-2.26.so
7fde83697000-7fde83698000 rw-p 00006000 08:06 266070                     /lib/x86_64-linux-gnu/libnss_dns-2.26.so
7fde83698000-7fde8369a000 r-xp 00000000 08:06 266494                     /lib/x86_64-linux-gnu/libnss_mdns4_minimal.so.2
7fde8369a000-7fde83899000 ---p 00002000 08:06 266494                     /lib/x86_64-linux-gnu/libnss_mdns4_minimal.so.2
7fde83899000-7fde8389a000 r--p 00001000 08:06 266494                     /lib/x86_64-linux-gnu/libnss_mdns4_minimal.so.2
7fde8389a000-7fde8389b000 rw-p 00002000 08:06 266494                     /lib/x86_64-linux-gnu/libnss_mdns4_minimal.so.2
7fde8389b000-7fde83a9b000 rw-p 00000000 00:00 0 
7fde83a9b000-7fde83ab1000 r-xp 00000000 08:06 261409                     /lib/x86_64-linux-gnu/libgcc_s.so.1
7fde83ab1000-7fde83cb0000 ---p 00016000 08:06 261409                     /lib/x86_64-linux-gnu/libgcc_s.so.1
7fde83cb0000-7fde83cb1000 r--p 00015000 08:06 261409                     /lib/x86_64-linux-gnu/libgcc_s.so.1
7fde83cb1000-7fde83cb2000 rw-p 00016000 08:06 261409                     /lib/x86_64-linux-gnu/libgcc_s.so.1
7fde83cb2000-7fde83ce8000 r-xp 00000000 08:05 2498789                    /home/cyc/usr/opt/android-studio/jre/jre/lib/amd64/libsunec.so
7fde83ce8000-7fde83ee7000 ---p 00036000 08:05 2498789                    /home/cyc/usr/opt/android-studio/jre/jre/lib/amd64/libsunec.so
7fde83ee7000-7fde83eec000 r--p 00035000 08:05 2498789                    /home/cyc/usr/opt/android-studio/jre/jre/lib/amd64/libsunec.so
7fde83eec000-7fde83eee000 rw-p 0003a000 08:05 2498789                    /home/cyc/usr/opt/android-studio/jre/jre/lib/amd64/libsunec.so
7fde83eee000-7fde83eff000 rw-p 00000000 00:00 0 
7fde83eff000-7fde83f02000 ---p 00000000 00:00 0 
7fde83f02000-7fde84000000 rw-p 00000000 00:00 0 
7fde84000000-7fde85558000 rw-p 00000000 00:00 0 
7fde85558000-7fde88000000 ---p 00000000 00:00 0 
7fde88000000-7fde88021000 rw-p 00000000 00:00 0 
7fde88021000-7fde8c000000 ---p 00000000 00:00 0 
7fde8c000000-7fde8c4f7000 rw-p 00000000 00:00 0 
7fde8c4f7000-7fde90000000 ---p 00000000 00:00 0 
7fde90000000-7fde90021000 rw-p 00000000 00:00 0 
7fde90021000-7fde94000000 ---p 00000000 00:00 0 
7fde94000000-7fde94021000 rw-p 00000000 00:00 0 
7fde94021000-7fde98000000 ---p 00000000 00:00 0 
7fde98000000-7fde98021000 rw-p 00000000 00:00 0 
7fde98021000-7fde9c000000 ---p 00000000 00:00 0 
7fde9c000000-7fde9c021000 rw-p 00000000 00:00 0 
7fde9c021000-7fdea0000000 ---p 00000000 00:00 0 
7fdea0000000-7fdea0511000 rw-p 00000000 00:00 0 
7fdea0511000-7fdea4000000 ---p 00000000 00:00 0 
7fdea4000000-7fdea4021000 rw-p 00000000 00:00 0 
7fdea4021000-7fdea8000000 ---p 00000000 00:00 0 
7fdea80f2000-7fdea82f2000 rw-p 00000000 00:00 0 
7fdea82fe000-7fdea8301000 ---p 00000000 00:00 0 
7fdea8301000-7fdea85ff000 rw-p 00000000 00:00 0 
7fdea85ff000-7fdea87ff000 rw-p 00000000 00:00 0 
7fdea87ff000-7fdea89ff000 rw-p 00000000 00:00 0 
7fdea89ff000-7fdea8bff000 rw-p 00000000 00:00 0 
7fdea8bff000-7fdea8dff000 rw-p 00000000 00:00 0 
7fdea8dff000-7fdea8fff000 rw-p 00000000 00:00 0 
7fdea8fff000-7fdeac000000 rw-p 00000000 00:00 0 
7fdeac000000-7fdeac021000 rw-p 00000000 00:00 0 
7fdeac021000-7fdeb0000000 ---p 00000000 00:00 0 
7fdeb0000000-7fdeb0021000 rw-p 00000000 00:00 0 
7fdeb0021000-7fdeb4000000 ---p 00000000 00:00 0 
7fdeb4000000-7fdeb5ab7000 rw-p 00000000 00:00 0 
7fdeb5ab7000-7fdeb8000000 ---p 00000000 00:00 0 
7fdeb8000000-7fdeb9232000 rw-p 00000000 00:00 0 
7fdeb9232000-7fdebc000000 ---p 00000000 00:00 0 
7fdebc000000-7fdebc021000 rw-p 00000000 00:00 0 
7fdebc021000-7fdec0000000 ---p 00000000 00:00 0 
7fdec0000000-7fdec1968000 rw-p 00000000 00:00 0 
7fdec1968000-7fdec4000000 ---p 00000000 00:00 0 
7fdec4000000-7fdec4021000 rw-p 00000000 00:00 0 
7fdec4021000-7fdec8000000 ---p 00000000 00:00 0 
7fdec8000000-7fdec8021000 rw-p 00000000 00:00 0 
7fdec8021000-7fdecc000000 ---p 00000000 00:00 0 
7fdecc000000-7fdecc194000 rw-p 00000000 00:00 0 
7fdecc194000-7fded0000000 ---p 00000000 00:00 0 
7fded0046000-7fded004b000 r--s 0003b000 08:05 2498764                    /home/cyc/usr/opt/android-studio/jre/jre/lib/ext/sunjce_provider.jar
7fded004b000-7fded004d000 r--s 00008000 08:05 2498760                    /home/cyc/usr/opt/android-studio/jre/jre/lib/ext/sunec.jar
7fded004d000-7fded0051000 r--s 00037000 08:05 2498768                    /home/cyc/usr/opt/android-studio/jre/jre/lib/ext/sunpkcs11.jar
7fded0051000-7fded0054000 r--s 00015000 08:05 2498819                    /home/cyc/usr/opt/android-studio/jre/jre/lib/jce.jar
7fded00b0000-7fded00b2000 r--s 00006000 08:05 544867                     /home/cyc/.gradle/caches/transforms-1/files-1.1/MaterialSearchBar-0.7.5.aar/233a24dcc403f7fdcbd2a3763d69fcce/jars/classes.jar
7fded00b2000-7fded00b4000 r--s 00000000 08:05 696908                     /home/cyc/.gradle/caches/modules-2/files-2.1/io.realm/realm-annotations/5.0.0/5bc7e1e43129b5d90102abde99017aeba574b65d/realm-annotations-5.0.0.jar
7fded00b4000-7fded02b4000 rw-p 00000000 00:00 0 
7fded02b4000-7fded04b4000 rw-p 00000000 00:00 0 
7fded04b5000-7fded04b7000 r--s 00003000 08:05 2647584                    /home/cyc/.gradle/caches/transforms-1/files-1.1/wheelview-4.0.2.aar/fcb2a06d46caf4c1a3dbe1432d90aaba/jars/classes.jar
7fded04b7000-7fded04b9000 r--s 00003000 08:05 696923                     /home/cyc/.gradle/caches/modules-2/files-2.1/com.google.code.findbugs/jsr305/3.0.2/25ea2e8b0c338a877313bd4672d3fe056ea78f0d/jsr305-3.0.2.jar
7fded04b9000-7fded04bb000 r--s 00017000 08:05 17142                      /home/cyc/.gradle/caches/modules-2/files-2.1/com.umeng.sdk/analytics/7.5.0/a0ccae17355c8fe505a8b2ada8c4b559d672f55/analytics-7.5.0.jar
7fded04bb000-7fded04c1000 r--s 00043000 08:05 2645938                    /home/cyc/.gradle/caches/transforms-1/files-1.1/design-27.1.0.aar/e4712f05d701f17c9c4b786ddd2aba1e/jars/classes.jar
7fded04c1000-7fded04c9000 r--s 0005a000 08:05 2647558                    /home/cyc/.gradle/caches/transforms-1/files-1.1/realm-android-library-5.0.0.aar/82c72eb24bac2d861b094958eeebdfa7/jars/classes.jar
7fded04c9000-7fded04d5000 r--s 00080000 08:05 2647552                    /home/cyc/.gradle/caches/transforms-1/files-1.1/support-compat-27.1.0.aar/c5bf55ef3b3442bf960d415d2c180698/jars/classes.jar
7fded04d5000-7fded06d5000 rw-p 00000000 00:00 0 
7fded06d5000-7fded08d5000 rw-p 00000000 00:00 0 
7fded08d5000-7fded0ad5000 rw-p 00000000 00:00 0 
7fded0ad5000-7fded0cd5000 rw-p 00000000 00:00 0 
7fded0cd5000-7fded0cd9000 r--s 00043000 08:05 2645951                    /home/cyc/.gradle/caches/transforms-1/files-1.1/support-core-ui-27.1.0.aar/2f823d4226fe9e3fa335e14d462207e2/jars/classes.jar
7fded0cd9000-7fded0cdb000 r--s 00004000 08:05 1180874                    /home/cyc/.gradle/caches/modules-2/files-2.1/android.arch.lifecycle/common/1.1.0/edf3f7bfb84a7521d0599efa3b0113a0ee90f85/common-1.1.0.jar
7fded0cdb000-7fded0ce6000 r--s 000a0000 08:05 2258359                    /home/cyc/.gradle/caches/transforms-1/files-1.1/appcompat-v7-27.1.0.aar/b417e67da3e475a61ed6ad297a04d69a/jars/classes.jar
7fded0ce6000-7fded0ced000 r--s 0004c000 08:05 2378817                    /home/cyc/.gradle/caches/modules-2/files-2.1/org.jetbrains.kotlinx/kotlinx-coroutines-core/0.15/5f0e2a96538d4ddc421ed042799e825016875f29/kotlinx-coroutines-core-0.15.jar
7fded0ced000-7fded0cef000 r--s 00001000 08:05 414767                     /home/cyc/.gradle/caches/modules-2/files-2.1/org.jetbrains.kotlinx/kotlinx-coroutines-android/0.15/b1fece43d4273e8941d01784d6f64c7486da1990/kotlinx-coroutines-android-0.15.jar
7fded0cef000-7fded0cf1000 r--s 00007000 08:05 3430299                    /home/cyc/.gradle/caches/modules-2/files-2.1/org.jetbrains.anko/anko-appcompat-v7-coroutines/0.10.4/c184a00a6b06c1f9db488dade44ce5eec78c8638/anko-appcompat-v7-coroutines-0.10.4.jar
7fded0cf1000-7fded0cf4000 ---p 00000000 00:00 0 
7fded0cf4000-7fded0ff2000 rw-p 00000000 00:00 0 
7fded0ff2000-7fded11f2000 rw-p 00000000 00:00 0 
7fded11f2000-7fded13f2000 rw-p 00000000 00:00 0 
7fded13f2000-7fded15f2000 rw-p 00000000 00:00 0 
7fded15f2000-7fded17f2000 rw-p 00000000 00:00 0 
7fded17f2000-7fded19f2000 rw-p 00000000 00:00 0 
7fded19f2000-7fded1bf2000 rw-p 00000000 00:00 0 
7fded1bf2000-7fded1bf5000 ---p 00000000 00:00 0 
7fded1bf5000-7fded1cf3000 rw-p 00000000 00:00 0 
7fded1cf3000-7fded1cf6000 ---p 00000000 00:00 0 
7fded1cf6000-7fded1df4000 rw-p 00000000 00:00 0 
7fded1df4000-7fded1df7000 ---p 00000000 00:00 0 
7fded1df7000-7fded20f5000 rw-p 00000000 00:00 0 
7fded20f5000-7fded20f8000 ---p 00000000 00:00 0 
7fded20f8000-7fded21f6000 rw-p 00000000 00:00 0 
7fded21f6000-7fded21f9000 ---p 00000000 00:00 0 
7fded21f9000-7fded22f7000 rw-p 00000000 00:00 0 
7fded22f7000-7fded22fa000 ---p 00000000 00:00 0 
7fded22fa000-7fded23f8000 rw-p 00000000 00:00 0 
7fded23f8000-7fded23fb000 ---p 00000000 00:00 0 
7fded23fb000-7fded24f9000 rw-p 00000000 00:00 0 
7fded24f9000-7fded24fc000 ---p 00000000 00:00 0 
7fded24fc000-7fded25fa000 rw-p 00000000 00:00 0 
7fded25fa000-7fded25fd000 ---p 00000000 00:00 0 
7fded25fd000-7fded26fb000 rw-p 00000000 00:00 0 
7fded26fb000-7fded2774000 r--s 010fd000 08:05 2498691                    /home/cyc/usr/opt/android-studio/jre/lib/tools.jar
7fded2774000-7fded278a000 r-xp 00000000 08:05 2498788                    /home/cyc/usr/opt/android-studio/jre/jre/lib/amd64/libnet.so
7fded278a000-7fded298a000 ---p 00016000 08:05 2498788                    /home/cyc/usr/opt/android-studio/jre/jre/lib/amd64/libnet.so
7fded298a000-7fded298b000 r--p 00016000 08:05 2498788                    /home/cyc/usr/opt/android-studio/jre/jre/lib/amd64/libnet.so
7fded298b000-7fded298c000 rw-p 00017000 08:05 2498788                    /home/cyc/usr/opt/android-studio/jre/jre/lib/amd64/libnet.so
7fded298c000-7fded299d000 r-xp 00000000 08:05 2498809                    /home/cyc/usr/opt/android-studio/jre/jre/lib/amd64/libnio.so
7fded299d000-7fded2b9c000 ---p 00011000 08:05 2498809                    /home/cyc/usr/opt/android-studio/jre/jre/lib/amd64/libnio.so
7fded2b9c000-7fded2b9d000 r--p 00010000 08:05 2498809                    /home/cyc/usr/opt/android-studio/jre/jre/lib/amd64/libnio.so
7fded2b9d000-7fded2b9e000 rw-p 00011000 08:05 2498809                    /home/cyc/usr/opt/android-studio/jre/jre/lib/amd64/libnio.so
7fded2b9e000-7fded2ba7000 r-xp 00000000 08:05 2498785                    /home/cyc/usr/opt/android-studio/jre/jre/lib/amd64/libmanagement.so
7fded2ba7000-7fded2da6000 ---p 00009000 08:05 2498785                    /home/cyc/usr/opt/android-studio/jre/jre/lib/amd64/libmanagement.so
7fded2da6000-7fded2da7000 r--p 00008000 08:05 2498785                    /home/cyc/usr/opt/android-studio/jre/jre/lib/amd64/libmanagement.so
7fded2da7000-7fded2da8000 rw-p 00009000 08:05 2498785                    /home/cyc/usr/opt/android-studio/jre/jre/lib/amd64/libmanagement.so
7fded2da8000-7fded2f62000 r--s 0182b000 08:05 543392                     /home/cyc/.gradle/caches/modules-2/files-2.1/org.jetbrains.kotlin/kotlin-compiler-embeddable/1.2.41/e439cfdc216b070ebd454da892447f5dca96a934/kotlin-compiler-embeddable-1.2.41.jar
7fded2f62000-7fded2f63000 ---p 00000000 00:00 0 
7fded2f63000-7fded3063000 rw-p 00000000 00:00 0 
7fded3063000-7fded3066000 ---p 00000000 00:00 0 
7fded3066000-7fded3164000 rw-p 00000000 00:00 0 
7fded3164000-7fded3167000 ---p 00000000 00:00 0 
7fded3167000-7fded3265000 rw-p 00000000 00:00 0 
7fded3265000-7fded3268000 ---p 00000000 00:00 0 
7fded3268000-7fded3366000 rw-p 00000000 00:00 0 
7fded3366000-7fded3369000 ---p 00000000 00:00 0 
7fded3369000-7fded3467000 rw-p 00000000 00:00 0 
7fded3467000-7fded346a000 ---p 00000000 00:00 0 
7fded346a000-7fded3568000 rw-p 00000000 00:00 0 
7fded3568000-7fded39fa000 r--p 00000000 08:07 1054932                    /usr/lib/locale/locale-archive
7fded39fa000-7fded39fd000 ---p 00000000 00:00 0 
7fded39fd000-7fded3afb000 rw-p 00000000 00:00 0 
7fded3afb000-7fded3afe000 ---p 00000000 00:00 0 
7fded3afe000-7fded3bfc000 rw-p 00000000 00:00 0 
7fded3bfc000-7fded3bfd000 ---p 00000000 00:00 0 
7fded3bfd000-7fded4000000 rw-p 00000000 00:00 0 
7fded4000000-7fded4021000 rw-p 00000000 00:00 0 
7fded4021000-7fded8000000 ---p 00000000 00:00 0 
7fded8000000-7fded8021000 rw-p 00000000 00:00 0 
7fded8021000-7fdedc000000 ---p 00000000 00:00 0 
7fdedc000000-7fdedc021000 rw-p 00000000 00:00 0 
7fdedc021000-7fdee0000000 ---p 00000000 00:00 0 
7fdee0000000-7fdee0001000 r--s 00002000 08:05 795198                     /home/cyc/.gradle/caches/transforms-1/files-1.1/runtime-1.1.0.aar/403b85eb26115ad2319e603ae6c5a9bb/jars/classes.jar
7fdee0003000-7fdee0005000 r--s 00005000 08:05 1725990                    /home/cyc/.gradle/caches/modules-2/files-2.1/com.android.support/support-annotations/27.1.0/39ded76b5e1ce1c5b2688e1d25cdc20ecee32007/support-annotations-27.1.0.jar
7fdee0005000-7fdee0006000 r--s 00001000 08:05 544895                     /home/cyc/.gradle/caches/transforms-1/files-1.1/viewmodel-1.1.0.aar/8abf01f6c48b3122a702314da7d3b98d/jars/classes.jar
7fdee0006000-7fdee0009000 r--s 00017000 08:05 2645956                    /home/cyc/.gradle/caches/transforms-1/files-1.1/support-core-utils-27.1.0.aar/75d1f7ad3349f8780ff5a295f75921ad/jars/classes.jar
7fdee0009000-7fdee000d000 r--s 00038000 08:05 1725991                    /home/cyc/.gradle/caches/modules-2/files-2.1/org.jetbrains.anko/anko-sdk25/0.10.4/2990927f1ce037724b8cd17369ed5435c7a139a3/anko-sdk25-0.10.4.jar
7fdee000d000-7fdee000f000 r--s 00013000 08:05 2764972                    /home/cyc/.gradle/caches/modules-2/files-2.1/org.jetbrains.anko/anko-sqlite/0.10.4/410ab42cf2baa28e4b96b0b10309be04d7ea2740/anko-sqlite-0.10.4.jar
7fdee000f000-7fdee0013000 r--s 00025000 08:05 2257098                    /home/cyc/.gradle/caches/modules-2/files-2.1/org.jetbrains.anko/anko-commons/0.10.4/436b8634ad86d093f55b1e7226c5c40d9743be5c/anko-commons-0.10.4.jar
7fdee0013000-7fdee0025000 r--s 00345000 08:05 2498812                    /home/cyc/usr/opt/android-studio/jre/jre/lib/resources.jar
7fdee0025000-7fdee005a000 r--s 00240000 08:05 3430712                    /home/cyc/.gradle/caches/modules-2/files-2.1/org.jetbrains.kotlin/kotlin-reflect/1.2.41/e4d6728a4fa55dbfb510aeea25c072c7c51d94/kotlin-reflect-1.2.41.jar
7fdee005a000-7fdee4000000 rw-p 00000000 00:00 0 
7fdee4000000-7fdee4031000 rw-p 00000000 00:00 0 
7fdee4031000-7fdee8000000 ---p 00000000 00:00 0 
7fdee8000000-7fdee8002000 r--s 00003000 08:05 2764975                    /home/cyc/.gradle/caches/modules-2/files-2.1/org.jetbrains.anko/anko-appcompat-v7-commons/0.10.4/c534c17f725260e3eb724cb555256816e1a180ec/anko-appcompat-v7-commons-0.10.4.jar
7fdee8002000-7fdee8006000 r--s 00029000 08:05 2645947                    /home/cyc/.gradle/caches/transforms-1/files-1.1/support-fragment-27.1.0.aar/8e32db7974f3443f668d3bd4d46554a0/jars/classes.jar
7fdee8006000-7fdee852c000 rw-p 00000000 00:00 0 
7fdee852c000-7fdee86fc000 r--s 03c46000 08:05 2498825                    /home/cyc/usr/opt/android-studio/jre/jre/lib/rt.jar
7fdee86fc000-7fdee89fc000 rw-p 00000000 00:00 0 
7fdee89fc000-7fdee89fd000 ---p 00000000 00:00 0 
7fdee89fd000-7fdee8afd000 rw-p 00000000 00:00 0 
7fdee8afd000-7fdee8afe000 ---p 00000000 00:00 0 
7fdee8afe000-7fdee8bfe000 rw-p 00000000 00:00 0 
7fdee8bfe000-7fdee8bff000 ---p 00000000 00:00 0 
7fdee8bff000-7fdee8cff000 rw-p 00000000 00:00 0 
7fdee8cff000-7fdee8d00000 ---p 00000000 00:00 0 
7fdee8d00000-7fdee8ec5000 rw-p 00000000 00:00 0 
7fdee8ec5000-7fdee9000000 ---p 00000000 00:00 0 
7fdee9000000-7fdeebac0000 rwxp 00000000 00:00 0 
7fdeebac0000-7fdef8000000 ---p 00000000 00:00 0 
7fdef8000000-7fdef8422000 rw-p 00000000 00:00 0 
7fdef8422000-7fdefc000000 ---p 00000000 00:00 0 
7fdefc000000-7fdefc01b000 r--s 00394000 08:05 2498767                    /home/cyc/usr/opt/android-studio/jre/jre/lib/ext/cldrdata.jar
7fdefc01b000-7fdefc1a4000 rw-p 00000000 00:00 0 
7fdefc1a4000-7fdefc2df000 ---p 00000000 00:00 0 
7fdefc2df000-7fdefc3c6000 rw-p 00000000 00:00 0 
7fdefc3c6000-7fdefc3df000 ---p 00000000 00:00 0 
7fdefc3df000-7fdefc48b000 rw-p 00000000 00:00 0 
7fdefc48b000-7fdefc7a0000 ---p 00000000 00:00 0 
7fdefc7a0000-7fdefc7ba000 r-xp 00000000 08:05 2498784                    /home/cyc/usr/opt/android-studio/jre/jre/lib/amd64/libzip.so
7fdefc7ba000-7fdefc9ba000 ---p 0001a000 08:05 2498784                    /home/cyc/usr/opt/android-studio/jre/jre/lib/amd64/libzip.so
7fdefc9ba000-7fdefc9bb000 r--p 0001a000 08:05 2498784                    /home/cyc/usr/opt/android-studio/jre/jre/lib/amd64/libzip.so
7fdefc9bb000-7fdefc9bc000 rw-p 0001b000 08:05 2498784                    /home/cyc/usr/opt/android-studio/jre/jre/lib/amd64/libzip.so
7fdefc9bc000-7fdefc9c7000 r-xp 00000000 08:06 266098                     /lib/x86_64-linux-gnu/libnss_files-2.26.so
7fdefc9c7000-7fdefcbc6000 ---p 0000b000 08:06 266098                     /lib/x86_64-linux-gnu/libnss_files-2.26.so
7fdefcbc6000-7fdefcbc7000 r--p 0000a000 08:06 266098                     /lib/x86_64-linux-gnu/libnss_files-2.26.so
7fdefcbc7000-7fdefcbc8000 rw-p 0000b000 08:06 266098                     /lib/x86_64-linux-gnu/libnss_files-2.26.so
7fdefcbc8000-7fdefcbce000 rw-p 00000000 00:00 0 
7fdefcbce000-7fdefcbd9000 r-xp 00000000 08:06 266101                     /lib/x86_64-linux-gnu/libnss_nis-2.26.so
7fdefcbd9000-7fdefcdd8000 ---p 0000b000 08:06 266101                     /lib/x86_64-linux-gnu/libnss_nis-2.26.so
7fdefcdd8000-7fdefcdd9000 r--p 0000a000 08:06 266101                     /lib/x86_64-linux-gnu/libnss_nis-2.26.so
7fdefcdd9000-7fdefcdda000 rw-p 0000b000 08:06 266101                     /lib/x86_64-linux-gnu/libnss_nis-2.26.so
7fdefcdda000-7fdefcdf1000 r-xp 00000000 08:06 266052                     /lib/x86_64-linux-gnu/libnsl-2.26.so
7fdefcdf1000-7fdefcff0000 ---p 00017000 08:06 266052                     /lib/x86_64-linux-gnu/libnsl-2.26.so
7fdefcff0000-7fdefcff1000 r--p 00016000 08:06 266052                     /lib/x86_64-linux-gnu/libnsl-2.26.so
7fdefcff1000-7fdefcff2000 rw-p 00017000 08:06 266052                     /lib/x86_64-linux-gnu/libnsl-2.26.so
7fdefcff2000-7fdefcff4000 rw-p 00000000 00:00 0 
7fdefcff4000-7fdefcffc000 r-xp 00000000 08:06 266053                     /lib/x86_64-linux-gnu/libnss_compat-2.26.so
7fdefcffc000-7fdefd1fb000 ---p 00008000 08:06 266053                     /lib/x86_64-linux-gnu/libnss_compat-2.26.so
7fdefd1fb000-7fdefd1fc000 r--p 00007000 08:06 266053                     /lib/x86_64-linux-gnu/libnss_compat-2.26.so
7fdefd1fc000-7fdefd1fd000 rw-p 00008000 08:06 266053                     /lib/x86_64-linux-gnu/libnss_compat-2.26.so
7fdefd1fd000-7fdefd22a000 r-xp 00000000 08:05 2498792                    /home/cyc/usr/opt/android-studio/jre/jre/lib/amd64/libjava.so
7fdefd22a000-7fdefd429000 ---p 0002d000 08:05 2498792                    /home/cyc/usr/opt/android-studio/jre/jre/lib/amd64/libjava.so
7fdefd429000-7fdefd42a000 r--p 0002c000 08:05 2498792                    /home/cyc/usr/opt/android-studio/jre/jre/lib/amd64/libjava.so
7fdefd42a000-7fdefd42c000 rw-p 0002d000 08:05 2498792                    /home/cyc/usr/opt/android-studio/jre/jre/lib/amd64/libjava.so
7fdefd42c000-7fdefd43c000 r-xp 00000000 08:05 2498780                    /home/cyc/usr/opt/android-studio/jre/jre/lib/amd64/libverify.so
7fdefd43c000-7fdefd63b000 ---p 00010000 08:05 2498780                    /home/cyc/usr/opt/android-studio/jre/jre/lib/amd64/libverify.so
7fdefd63b000-7fdefd63d000 r--p 0000f000 08:05 2498780                    /home/cyc/usr/opt/android-studio/jre/jre/lib/amd64/libverify.so
7fdefd63d000-7fdefd63e000 rw-p 00011000 08:05 2498780                    /home/cyc/usr/opt/android-studio/jre/jre/lib/amd64/libverify.so
7fdefd63e000-7fdefd645000 r-xp 00000000 08:06 266269                     /lib/x86_64-linux-gnu/librt-2.26.so
7fdefd645000-7fdefd844000 ---p 00007000 08:06 266269                     /lib/x86_64-linux-gnu/librt-2.26.so
7fdefd844000-7fdefd845000 r--p 00006000 08:06 266269                     /lib/x86_64-linux-gnu/librt-2.26.so
7fdefd845000-7fdefd846000 rw-p 00007000 08:06 266269                     /lib/x86_64-linux-gnu/librt-2.26.so
7fdefd846000-7fdefd99b000 r-xp 00000000 08:06 261423                     /lib/x86_64-linux-gnu/libm-2.26.so
7fdefd99b000-7fdefdb9a000 ---p 00155000 08:06 261423                     /lib/x86_64-linux-gnu/libm-2.26.so
7fdefdb9a000-7fdefdb9b000 r--p 00154000 08:06 261423                     /lib/x86_64-linux-gnu/libm-2.26.so
7fdefdb9b000-7fdefdb9c000 rw-p 00155000 08:06 261423                     /lib/x86_64-linux-gnu/libm-2.26.so
7fdefdb9c000-7fdefe798000 r-xp 00000000 08:05 2498802                    /home/cyc/usr/opt/android-studio/jre/jre/lib/amd64/server/libjvm.so
7fdefe798000-7fdefe998000 ---p 00bfc000 08:05 2498802                    /home/cyc/usr/opt/android-studio/jre/jre/lib/amd64/server/libjvm.so
7fdefe998000-7fdefea38000 r--p 00bfc000 08:05 2498802                    /home/cyc/usr/opt/android-studio/jre/jre/lib/amd64/server/libjvm.so
7fdefea38000-7fdefea61000 rw-p 00c9c000 08:05 2498802                    /home/cyc/usr/opt/android-studio/jre/jre/lib/amd64/server/libjvm.so
7fdefea61000-7fdefeaa5000 rw-p 00000000 00:00 0 
7fdefeaa5000-7fdefeabf000 r-xp 00000000 08:06 266104                     /lib/x86_64-linux-gnu/libpthread-2.26.so
7fdefeabf000-7fdefecbe000 ---p 0001a000 08:06 266104                     /lib/x86_64-linux-gnu/libpthread-2.26.so
7fdefecbe000-7fdefecbf000 r--p 00019000 08:06 266104                     /lib/x86_64-linux-gnu/libpthread-2.26.so
7fdefecbf000-7fdefecc0000 rw-p 0001a000 08:06 266104                     /lib/x86_64-linux-gnu/libpthread-2.26.so
7fdefecc0000-7fdefecc4000 rw-p 00000000 00:00 0 
7fdefecc4000-7fdefecc7000 r-xp 00000000 08:06 261422                     /lib/x86_64-linux-gnu/libdl-2.26.so
7fdefecc7000-7fdefeec6000 ---p 00003000 08:06 261422                     /lib/x86_64-linux-gnu/libdl-2.26.so
7fdefeec6000-7fdefeec7000 r--p 00002000 08:06 261422                     /lib/x86_64-linux-gnu/libdl-2.26.so
7fdefeec7000-7fdefeec8000 rw-p 00003000 08:06 261422                     /lib/x86_64-linux-gnu/libdl-2.26.so
7fdefeec8000-7fdeff09e000 r-xp 00000000 08:06 261419                     /lib/x86_64-linux-gnu/libc-2.26.so
7fdeff09e000-7fdeff29e000 ---p 001d6000 08:06 261419                     /lib/x86_64-linux-gnu/libc-2.26.so
7fdeff29e000-7fdeff2a2000 r--p 001d6000 08:06 261419                     /lib/x86_64-linux-gnu/libc-2.26.so
7fdeff2a2000-7fdeff2a4000 rw-p 001da000 08:06 261419                     /lib/x86_64-linux-gnu/libc-2.26.so
7fdeff2a4000-7fdeff2a8000 rw-p 00000000 00:00 0 
7fdeff2a8000-7fdeff2be000 r-xp 00000000 08:05 2498772                    /home/cyc/usr/opt/android-studio/jre/jre/lib/amd64/jli/libjli.so
7fdeff2be000-7fdeff4bd000 ---p 00016000 08:05 2498772                    /home/cyc/usr/opt/android-studio/jre/jre/lib/amd64/jli/libjli.so
7fdeff4bd000-7fdeff4be000 r--p 00015000 08:05 2498772                    /home/cyc/usr/opt/android-studio/jre/jre/lib/amd64/jli/libjli.so
7fdeff4be000-7fdeff4bf000 rw-p 00016000 08:05 2498772                    /home/cyc/usr/opt/android-studio/jre/jre/lib/amd64/jli/libjli.so
7fdeff4bf000-7fdeff4e6000 r-xp 00000000 08:06 261413                     /lib/x86_64-linux-gnu/ld-2.26.so
7fdeff4e6000-7fdeff4e7000 r--s 00001000 08:05 1588880                    /home/cyc/.gradle/caches/modules-2/files-2.1/org.jetbrains.anko/anko-coroutines/0.10.4/f7550d88216109bf36e588b126da3743af0eff6b/anko-coroutines-0.10.4.jar
7fdeff4e7000-7fdeff4e8000 r--s 00003000 08:05 1458795                    /home/cyc/.gradle/caches/modules-2/files-2.1/org.jetbrains.anko/anko-support-v4-commons/0.10.4/4e41a9a011df4f878b90ed37510a946b0089ac16/anko-support-v4-commons-0.10.4.jar
7fdeff4e8000-7fdeff4e9000 r--s 00000000 08:05 1589372                    /home/cyc/.gradle/caches/modules-2/files-2.1/org.jetbrains.kotlin/kotlin-stdlib-jdk7/1.2.41/d0cfb3ef897c00449e5e696355db9506225fb507/kotlin-stdlib-jdk7-1.2.41.jar
7fdeff4e9000-7fdeff4f0000 r--s 00048000 08:05 2889206                    /home/cyc/.gradle/caches/modules-2/files-2.1/org.jetbrains.kotlin/kotlin-android-extensions/1.2.41/10100eedfe2e26b9cf18b850d997b42d02af7500/kotlin-android-extensions-1.2.41.jar
7fdeff4f0000-7fdeff4f5000 r--s 00045000 08:05 2765020                    /home/cyc/.gradle/caches/modules-2/files-2.1/org.jetbrains.kotlin/kotlin-annotation-processing-gradle/1.2.41/870d8f3b110200303a07d4bbfc7bf9066669203b/kotlin-annotation-processing-gradle-1.2.41.jar
7fdeff4f5000-7fdeff4fa000 r--s 0009a000 08:05 2498840                    /home/cyc/usr/opt/android-studio/jre/jre/lib/jsse.jar
7fdeff4fa000-7fdeff504000 r--s 00116000 08:05 2498765                    /home/cyc/usr/opt/android-studio/jre/jre/lib/ext/localedata.jar
7fdeff504000-7fdeff5c6000 rw-p 00000000 00:00 0 
7fdeff5c6000-7fdeff5c9000 ---p 00000000 00:00 0 
7fdeff5c9000-7fdeff6c9000 rw-p 00000000 00:00 0 
7fdeff6c9000-7fdeff6cb000 r--s 00008000 08:05 697198                     /home/cyc/.gradle/caches/modules-2/files-2.1/org.jetbrains.kotlin/kotlin-script-runtime/1.2.41/e291b12913910c260ce878f9a76c84203cf710a1/kotlin-script-runtime-1.2.41.jar
7fdeff6cb000-7fdeff6da000 r--s 000d7000 08:05 543390                     /home/cyc/.gradle/caches/modules-2/files-2.1/org.jetbrains.kotlin/kotlin-stdlib/1.2.41/7e34f009642702250bccd9e5255866f408962a05/kotlin-stdlib-1.2.41.jar
7fdeff6da000-7fdeff6e2000 rw-s 00000000 08:06 140109                     /tmp/hsperfdata_cyc/4297
7fdeff6e2000-7fdeff6e3000 rw-p 00000000 00:00 0 
7fdeff6e3000-7fdeff6e4000 r--p 00000000 00:00 0 
7fdeff6e4000-7fdeff6e6000 rw-p 00000000 00:00 0 
7fdeff6e6000-7fdeff6e7000 r--p 00027000 08:06 261413                     /lib/x86_64-linux-gnu/ld-2.26.so
7fdeff6e7000-7fdeff6e8000 rw-p 00028000 08:06 261413                     /lib/x86_64-linux-gnu/ld-2.26.so
7fdeff6e8000-7fdeff6e9000 rw-p 00000000 00:00 0 
7ffd37fae000-7ffd37fcf000 rw-p 00000000 00:00 0                          [stack]
7ffd37fe4000-7ffd37fe7000 r--p 00000000 00:00 0                          [vvar]
7ffd37fe7000-7ffd37fe9000 r-xp 00000000 00:00 0                          [vdso]
ffffffffff600000-ffffffffff601000 r-xp 00000000 00:00 0                  [vsyscall]

VM Arguments:
jvm_args: -Djava.awt.headless=true -Djava.rmi.server.hostname=localhost -Xmx1536m -Dkotlin.environment.keepalive 
java_command: org.jetbrains.kotlin.daemon.KotlinCompileDaemon --daemon-runFilesPath /home/cyc/.local/share/kotlin/daemon --daemon-autoshutdownIdleSeconds=7200 --daemon-compilerClasspath /home/cyc/.gradle/caches/modules-2/files-2.1/org.jetbrains.kotlin/kotlin-compiler-embeddable/1.2.41/e439cfdc216b070ebd454da892447f5dca96a934/kotlin-compiler-embeddable-1.2.41.jar:/home/cyc/.gradle/caches/modules-2/files-2.1/org.jetbrains.kotlin/kotlin-stdlib/1.2.41/7e34f009642702250bccd9e5255866f408962a05/kotlin-stdlib-1.2.41.jar:/home/cyc/.gradle/caches/modules-2/files-2.1/org.jetbrains.kotlin/kotlin-script-runtime/1.2.41/e291b12913910c260ce878f9a76c84203cf710a1/kotlin-script-runtime-1.2.41.jar:/home/cyc/.gradle/caches/modules-2/files-2.1/org.jetbrains.kotlin/kotlin-reflect/1.2.41/e4d6728a4fa55dbfb510aeea25c072c7c51d94/kotlin-reflect-1.2.41.jar:/home/cyc/usr/opt/android-studio/jre/lib/tools.jar
java_class_path (initial): /home/cyc/.gradle/caches/modules-2/files-2.1/org.jetbrains.kotlin/kotlin-compiler-embeddable/1.2.41/e439cfdc216b070ebd454da892447f5dca96a934/kotlin-compiler-embeddable-1.2.41.jar:/home/cyc/.gradle/caches/modules-2/files-2.1/org.jetbrains.kotlin/kotlin-stdlib/1.2.41/7e34f009642702250bccd9e5255866f408962a05/kotlin-stdlib-1.2.41.jar:/home/cyc/.gradle/caches/modules-2/files-2.1/org.jetbrains.kotlin/kotlin-script-runtime/1.2.41/e291b12913910c260ce878f9a76c84203cf710a1/kotlin-script-runtime-1.2.41.jar:/home/cyc/.gradle/caches/modules-2/files-2.1/org.jetbrains.kotlin/kotlin-reflect/1.2.41/e4d6728a4fa55dbfb510aeea25c072c7c51d94/kotlin-reflect-1.2.41.jar:/home/cyc/usr/opt/android-studio/jre/lib/tools.jar
Launcher Type: SUN_STANDARD

Environment Variables:
PATH=/usr/local/sbin:/usr/local/bin:/usr/sbin:/usr/bin:/sbin:/bin:/usr/games:/usr/local/games
USERNAME=cyc
SHELL=/usr/bin/fish
DISPLAY=:0

Signal Handlers:
SIGSEGV: [libjvm.so+0x9edb30], sa_mask[0]=11111111011111111101111111111110, sa_flags=SA_RESTART|SA_SIGINFO
SIGBUS: [libjvm.so+0x9edb30], sa_mask[0]=11111111011111111101111111111110, sa_flags=SA_RESTART|SA_SIGINFO
SIGFPE: [libjvm.so+0x84e800], sa_mask[0]=11111111011111111101111111111110, sa_flags=SA_RESTART|SA_SIGINFO
SIGPIPE: [libjvm.so+0x84e800], sa_mask[0]=11111111011111111101111111111110, sa_flags=SA_RESTART|SA_SIGINFO
SIGXFSZ: [libjvm.so+0x84e800], sa_mask[0]=11111111011111111101111111111110, sa_flags=SA_RESTART|SA_SIGINFO
SIGILL: [libjvm.so+0x84e800], sa_mask[0]=11111111011111111101111111111110, sa_flags=SA_RESTART|SA_SIGINFO
SIGUSR1: SIG_DFL, sa_mask[0]=00000000000000000000000000000000, sa_flags=none
SIGUSR2: [libjvm.so+0x84e6d0], sa_mask[0]=00100000000000000000000000000000, sa_flags=SA_RESTART|SA_SIGINFO
SIGHUP: [libjvm.so+0x84e8c0], sa_mask[0]=11111111011111111101111111111110, sa_flags=SA_RESTART|SA_SIGINFO
SIGINT: [libjvm.so+0x84e8c0], sa_mask[0]=11111111011111111101111111111110, sa_flags=SA_RESTART|SA_SIGINFO
SIGTERM: [libjvm.so+0x84e8c0], sa_mask[0]=11111111011111111101111111111110, sa_flags=SA_RESTART|SA_SIGINFO
SIGQUIT: [libjvm.so+0x84e8c0], sa_mask[0]=11111111011111111101111111111110, sa_flags=SA_RESTART|SA_SIGINFO


---------------  S Y S T E M  ---------------

OS:DISTRIB_ID=Ubuntu
DISTRIB_RELEASE=17.10
DISTRIB_CODENAME=artful
DISTRIB_DESCRIPTION="Ubuntu 17.10"

uname:Linux 4.13.0-43-generic #48-Ubuntu SMP Wed May 16 12:18:48 UTC 2018 x86_64
libc:glibc 2.26 NPTL 2.26 
rlimit: STACK 8192k, CORE 0k, NPROC 47003, NOFILE 1048576, AS infinity
load average:3.77 2.63 2.16

/proc/meminfo:
MemTotal:       12193544 kB
MemFree:         6012508 kB
MemAvailable:    7745704 kB
Buffers:          168860 kB
Cached:          2241744 kB
SwapCached:            0 kB
Active:          4539640 kB
Inactive:        1230968 kB
Active(anon):    3361548 kB
Inactive(anon):   571432 kB
Active(file):    1178092 kB
Inactive(file):   659536 kB
Unevictable:         104 kB
Mlocked:             104 kB
SwapTotal:      12000252 kB
SwapFree:       12000252 kB
Dirty:              8788 kB
Writeback:             0 kB
AnonPages:       3360208 kB
Mapped:           377860 kB
Shmem:            572988 kB
Slab:             271480 kB
SReclaimable:     221676 kB
SUnreclaim:        49804 kB
KernelStack:       11232 kB
PageTables:        48940 kB
NFS_Unstable:          0 kB
Bounce:                0 kB
WritebackTmp:          0 kB
CommitLimit:    18097024 kB
Committed_AS:    8076336 kB
VmallocTotal:   34359738367 kB
VmallocUsed:           0 kB
VmallocChunk:          0 kB
HardwareCorrupted:     0 kB
AnonHugePages:         0 kB
ShmemHugePages:        0 kB
ShmemPmdMapped:        0 kB
CmaTotal:              0 kB
CmaFree:               0 kB
HugePages_Total:       0
HugePages_Free:        0
HugePages_Rsvd:        0
HugePages_Surp:        0
Hugepagesize:       2048 kB
DirectMap4k:      244676 kB
DirectMap2M:     9089024 kB
DirectMap1G:     3145728 kB


CPU:total 4 (initial active 4) (2 cores per cpu, 2 threads per core) family 6 model 142 stepping 9, cmov, cx8, fxsr, mmx, sse, sse2, sse3, ssse3, sse4.1, sse4.2, popcnt, avx, avx2, aes, clmul, erms, 3dnowpref, lzcnt, ht, tsc, tscinvbit, bmi1, bmi2, adx

/proc/cpuinfo:
processor	: 0
vendor_id	: GenuineIntel
cpu family	: 6
model		: 142
model name	: Intel(R) Core(TM) i5-7200U CPU @ 2.50GHz
stepping	: 9
microcode	: 0x84
cpu MHz		: 3100.001
cache size	: 3072 KB
physical id	: 0
siblings	: 4
core id		: 0
cpu cores	: 2
apicid		: 0
initial apicid	: 0
fpu		: yes
fpu_exception	: yes
cpuid level	: 22
wp		: yes
flags		: fpu vme de pse tsc msr pae mce cx8 apic sep mtrr pge mca cmov pat pse36 clflush dts acpi mmx fxsr sse sse2 ss ht tm pbe syscall nx pdpe1gb rdtscp lm constant_tsc art arch_perfmon pebs bts rep_good nopl xtopology nonstop_tsc cpuid aperfmperf tsc_known_freq pni pclmulqdq dtes64 monitor ds_cpl vmx est tm2 ssse3 sdbg fma cx16 xtpr pdcm pcid sse4_1 sse4_2 x2apic movbe popcnt tsc_deadline_timer aes xsave avx f16c rdrand lahf_lm abm 3dnowprefetch cpuid_fault epb invpcid_single pti retpoline intel_pt rsb_ctxsw spec_ctrl tpr_shadow vnmi flexpriority ept vpid fsgsbase tsc_adjust bmi1 avx2 smep bmi2 erms invpcid mpx rdseed adx smap clflushopt xsaveopt xsavec xgetbv1 xsaves dtherm ida arat pln pts hwp hwp_notify hwp_act_window hwp_epp
bugs		: cpu_meltdown spectre_v1 spectre_v2 spec_store_bypass
bogomips	: 5424.00
clflush size	: 64
cache_alignment	: 64
address sizes	: 39 bits physical, 48 bits virtual
power management:

processor	: 1
vendor_id	: GenuineIntel
cpu family	: 6
model		: 142
model name	: Intel(R) Core(TM) i5-7200U CPU @ 2.50GHz
stepping	: 9
microcode	: 0x84
cpu MHz		: 3100.000
cache size	: 3072 KB
physical id	: 0
siblings	: 4
core id		: 1
cpu cores	: 2
apicid		: 2
initial apicid	: 2
fpu		: yes
fpu_exception	: yes
cpuid level	: 22
wp		: yes
flags		: fpu vme de pse tsc msr pae mce cx8 apic sep mtrr pge mca cmov pat pse36 clflush dts acpi mmx fxsr sse sse2 ss ht tm pbe syscall nx pdpe1gb rdtscp lm constant_tsc art arch_perfmon pebs bts rep_good nopl xtopology nonstop_tsc cpuid aperfmperf tsc_known_freq pni pclmulqdq dtes64 monitor ds_cpl vmx est tm2 ssse3 sdbg fma cx16 xtpr pdcm pcid sse4_1 sse4_2 x2apic movbe popcnt tsc_deadline_timer aes xsave avx f16c rdrand lahf_lm abm 3dnowprefetch cpuid_fault epb invpcid_single pti retpoline intel_pt rsb_ctxsw spec_ctrl tpr_shadow vnmi flexpriority ept vpid fsgsbase tsc_adjust bmi1 avx2 smep bmi2 erms invpcid mpx rdseed adx smap clflushopt xsaveopt xsavec xgetbv1 xsaves dtherm ida arat pln pts hwp hwp_notify hwp_act_window hwp_epp
bugs		: cpu_meltdown spectre_v1 spectre_v2 spec_store_bypass
bogomips	: 5424.00
clflush size	: 64
cache_alignment	: 64
address sizes	: 39 bits physical, 48 bits virtual
power management:

processor	: 2
vendor_id	: GenuineIntel
cpu family	: 6
model		: 142
model name	: Intel(R) Core(TM) i5-7200U CPU @ 2.50GHz
stepping	: 9
microcode	: 0x84
cpu MHz		: 3100.000
cache size	: 3072 KB
physical id	: 0
siblings	: 4
core id		: 0
cpu cores	: 2
apicid		: 1
initial apicid	: 1
fpu		: yes
fpu_exception	: yes
cpuid level	: 22
wp		: yes
flags		: fpu vme de pse tsc msr pae mce cx8 apic sep mtrr pge mca cmov pat pse36 clflush dts acpi mmx fxsr sse sse2 ss ht tm pbe syscall nx pdpe1gb rdtscp lm constant_tsc art arch_perfmon pebs bts rep_good nopl xtopology nonstop_tsc cpuid aperfmperf tsc_known_freq pni pclmulqdq dtes64 monitor ds_cpl vmx est tm2 ssse3 sdbg fma cx16 xtpr pdcm pcid sse4_1 sse4_2 x2apic movbe popcnt tsc_deadline_timer aes xsave avx f16c rdrand lahf_lm abm 3dnowprefetch cpuid_fault epb invpcid_single pti retpoline intel_pt rsb_ctxsw spec_ctrl tpr_shadow vnmi flexpriority ept vpid fsgsbase tsc_adjust bmi1 avx2 smep bmi2 erms invpcid mpx rdseed adx smap clflushopt xsaveopt xsavec xgetbv1 xsaves dtherm ida arat pln pts hwp hwp_notify hwp_act_window hwp_epp
bugs		: cpu_meltdown spectre_v1 spectre_v2 spec_store_bypass
bogomips	: 5424.00
clflush size	: 64
cache_alignment	: 64
address sizes	: 39 bits physical, 48 bits virtual
power management:

processor	: 3
vendor_id	: GenuineIntel
cpu family	: 6
model		: 142
model name	: Intel(R) Core(TM) i5-7200U CPU @ 2.50GHz
stepping	: 9
microcode	: 0x84
cpu MHz		: 3100.000
cache size	: 3072 KB
physical id	: 0
siblings	: 4
core id		: 1
cpu cores	: 2
apicid		: 3
initial apicid	: 3
fpu		: yes
fpu_exception	: yes
cpuid level	: 22
wp		: yes
flags		: fpu vme de pse tsc msr pae mce cx8 apic sep mtrr pge mca cmov pat pse36 clflush dts acpi mmx fxsr sse sse2 ss ht tm pbe syscall nx pdpe1gb rdtscp lm constant_tsc art arch_perfmon pebs bts rep_good nopl xtopology nonstop_tsc cpuid aperfmperf tsc_known_freq pni pclmulqdq dtes64 monitor ds_cpl vmx est tm2 ssse3 sdbg fma cx16 xtpr pdcm pcid sse4_1 sse4_2 x2apic movbe popcnt tsc_deadline_timer aes xsave avx f16c rdrand lahf_lm abm 3dnowprefetch cpuid_fault epb invpcid_single pti retpoline intel_pt rsb_ctxsw spec_ctrl tpr_shadow vnmi flexpriority ept vpid fsgsbase tsc_adjust bmi1 avx2 smep bmi2 erms invpcid mpx rdseed adx smap clflushopt xsaveopt xsavec xgetbv1 xsaves dtherm ida arat pln pts hwp hwp_notify hwp_act_window hwp_epp
bugs		: cpu_meltdown spectre_v1 spectre_v2 spec_store_bypass
bogomips	: 5424.00
clflush size	: 64
cache_alignment	: 64
address sizes	: 39 bits physical, 48 bits virtual
power management:



Memory: 4k page, physical 12193544k(6012384k free), swap 12000252k(12000252k free)

vm_info: OpenJDK 64-Bit Server VM (25.152-b01) for linux-amd64 JRE (1.8.0_152-release-1024-b01), built by "builder" with gcc 4.8.4

time: Fri Jun  8 16:16:29 2018
elapsed time: 757 seconds (0d 0h 12m 37s)

